<?xml version="1.0" encoding="UTF-8"?>
<!-- Generated by org.testng.reporters.JUnitReportReporter -->
<testsuite skipped="0" hostname="DELL-AKSHAYPC" name="com.DDT.DataPro" tests="4" failures="0" timestamp="2022-07-19T18:37:14 IST" time="5.622" errors="0">
  <testcase name="loginTest" time="0.646" classname="com.DDT.DataPro"/>
  <testcase name="loginTest" time="0.472" classname="com.DDT.DataPro"/>
  <testcase name="loginTest" time="0.413" classname="com.DDT.DataPro"/>
  <testcase name="loginTest" time="4.091" classname="com.DDT.DataPro"/>
</testsuite> <!-- com.DDT.DataPro -->
