<?xml version="1.0" encoding="UTF-8"?>
<!-- Generated by org.testng.reporters.JUnitReportReporter -->
<testsuite skipped="0" hostname="DELL-AKSHAYPC" name="com.jbk.VerifyLogin" tests="1" failures="0" timestamp="2022-04-07T21:16:27 IST" time="92.569" errors="0">
  <testcase name="test" time="92.569" classname="com.jbk.VerifyLogin"/>
</testsuite> <!-- com.jbk.VerifyLogin -->
