<?xml version="1.0" encoding="UTF-8"?>
<!-- Generated by org.testng.reporters.JUnitReportReporter -->
<testsuite skipped="0" hostname="DELL-AKSHAYPC" name="com.jbk.logintest" tests="1" failures="0" timestamp="2022-04-06T17:24:03 IST" time="12.903" errors="0">
  <testcase name="test01" time="12.903" classname="com.jbk.logintest"/>
</testsuite> <!-- com.jbk.logintest -->
