<?xml version="1.0" encoding="UTF-8"?>
<!-- Generated by org.testng.reporters.JUnitReportReporter -->
<testsuite hostname="DELL-AKSHAYPC" failures="0" tests="1" name="com.jbk.demo" time="28.426" errors="0" timestamp="2022-03-19T18:38:58 IST" skipped="0">
  <testcase classname="com.jbk.demo" name="browser" time="28.426"/>
</testsuite> <!-- com.jbk.demo -->
